JMBD4949_pages_1000-1001_p.idx
JMBD4949_pages_100-101_p.idx
JMBD4949_pages_1002-1005_v.idx
JMBD4949_pages_1006-1009_o.idx
JMBD4949_pages_1010-1013_dp.idx
JMBD4949_pages_1014-1019_v.idx
JMBD4949_pages_1020-1021_p.idx
JMBD4949_pages_102-105_p.idx
JMBD4949_pages_1022-1023_p.idx
JMBD4949_pages_1024-1029_t.idx
JMBD4949_pages_1030-1031_cp.idx
JMBD4949_pages_1032-1033_p.idx
JMBD4949_pages_1034-1035_p.idx
JMBD4949_pages_1036-1037_p.idx
JMBD4949_pages_1038-1057_o.idx
JMBD4949_pages_1058-1059_p.idx
JMBD4949_pages_1060-1063_p.idx
JMBD4949_pages_106-107_p.idx
JMBD4949_pages_1064-1067_p.idx
JMBD4949_pages_1068-1071_p.idx
JMBD4949_pages_1072-1141_ap.idx
JMBD4949_pages_108-123_cen.idx
JMBD4949_pages_1142-1147_p.idx
JMBD4949_pages_1148-1149_dp.idx
JMBD4949_pages_1150-1151_o.idx
JMBD4949_pages_1152-1153_p.idx
JMBD4949_pages_1154-1155_p.idx
JMBD4949_pages_1156-1163_cp.idx
JMBD4949_pages_1164-1167_dp.idx
JMBD4949_pages_1168-1175_dp.idx
JMBD4949_pages_1176-1177_p.idx
JMBD4949_pages_1178-1179_cp.idx
JMBD4949_pages_1180-1181_p.idx
JMBD4949_pages_1182-1209_cp.idx
JMBD4949_pages_1210-1211_l.idx
JMBD4949_pages_1212-1215_p.idx
JMBD4949_pages_1216-1217_p.idx
JMBD4949_pages_1218-1223_o.idx
JMBD4949_pages_1224-1225_cp.idx
JMBD4949_pages_1226-1227_p.idx
JMBD4949_pages_1228-1231_p.idx
JMBD4949_pages_1232-1235_r.idx
JMBD4949_pages_1236-1237_o.idx
JMBD4949_pages_1238-1239_p.idx
JMBD4949_pages_1240-1241_p.idx
JMBD4949_pages_124-131_tras.idx
JMBD4949_pages_1242-1243_d.idx
JMBD4949_pages_1244-1247_p.idx
JMBD4949_pages_1248-1263_cen.idx
JMBD4949_pages_1264-1267_cp.idx
JMBD4949_pages_1268-1389_v.idx
JMBD4949_pages_132-135_p.idx
JMBD4949_pages_136-137_d.idx
JMBD4949_pages_138-139_p.idx
JMBD4949_pages_1390-1409_p.idx
JMBD4949_pages_140-151_v.idx
JMBD4949_pages_1410-1413_cen.idx
JMBD4949_pages_1414-1415_a.idx
JMBD4949_pages_1416-1417_cp.idx
JMBD4949_pages_1418-1421_t.idx
JMBD4949_pages_1422-1425_cen.idx
JMBD4949_pages_1426-1427_p.idx
JMBD4949_pages_1428-1431_p.idx
JMBD4949_pages_1432-1433_p.idx
JMBD4949_pages_1434-1435_p.idx
JMBD4949_pages_1436-1437_p.idx
JMBD4949_pages_1438-1439_p.idx
JMBD4949_pages_1440-1447_th.idx
JMBD4949_pages_1448-1451_th.idx
JMBD4949_pages_1452-1455_th.idx
JMBD4949_pages_1456-1459_r.idx
JMBD4949_pages_1460-1461_p.idx
JMBD4949_pages_1462-1463_p.idx
JMBD4949_pages_1464-1467_r.idx
JMBD4949_pages_1468-1469_p.idx
JMBD4949_pages_1470-1471_cp.idx
JMBD4949_pages_1472-1475_r.idx
JMBD4949_pages_1476-1479_r.idx
JMBD4949_pages_1480-1481_p.idx
JMBD4949_pages_1482-1483_p.idx
JMBD4949_pages_1484-1485_o.idx
JMBD4949_pages_1486-1491_p.idx
JMBD4949_pages_1492-1497_p.idx
JMBD4949_pages_1498-1501_r.idx
JMBD4949_pages_1502-1503_p.idx
JMBD4949_pages_1504-1505_p.idx
JMBD4949_pages_1506-1509_p.idx
JMBD4949_pages_1510-1583_v.idx
JMBD4949_pages_152-153_cp.idx
JMBD4949_pages_154-155_p.idx
JMBD4949_pages_156-159_p.idx
JMBD4949_pages_1584-1585_p.idx
JMBD4949_pages_1586-1587_p.idx
JMBD4949_pages_1588-1611_p.idx
JMBD4949_pages_160-165_p.idx
JMBD4949_pages_1612-1633_inf.idx
JMBD4949_pages_1634-1635_cp.idx
JMBD4949_pages_1636-1649_c.idx
JMBD4949_pages_1650-1651_p.idx
JMBD4949_pages_1652-1653_p.idx
JMBD4949_pages_1654-1657_p.idx
JMBD4949_pages_1658-1659_p.idx
JMBD4949_pages_1660-1661_cp.idx
JMBD4949_pages_166-171_dt.idx
JMBD4949_pages_1662-1664_p.idx
JMBD4949_pages_172-173_p.idx
JMBD4949_pages_174-177_o.idx
JMBD4949_pages_178-181_p.idx
JMBD4949_pages_182-183_p.idx
JMBD4949_pages_184-185_p.idx
JMBD4949_pages_186-187_p.idx
JMBD4949_pages_188-189_p.idx
JMBD4949_pages_190-193_a.idx
JMBD4949_pages_194-213_p.idx
JMBD4949_pages_214-229_cen.idx
JMBD4949_pages_230-231_don.idx
JMBD4949_pages_232-233_p.idx
JMBD4949_pages_234-235_p.idx
JMBD4949_pages_236-241_t.idx
JMBD4949_pages_242-253_v.idx
JMBD4949_pages_254-255_p.idx
JMBD4949_pages_256-259_a.idx
JMBD4949_pages_260-261_p.idx
JMBD4949_pages_262-263_p.idx
JMBD4949_pages_264-265_p.idx
JMBD4949_pages_266-291_cen.idx
JMBD4949_pages_292-295_p.idx
JMBD4949_pages_296-307_p.idx
JMBD4949_pages_308-309_p.idx
JMBD4949_pages_310-311_a.idx
JMBD4949_pages_312-313_d.idx
JMBD4949_pages_314-317_p.idx
JMBD4949_pages_318-319_o.idx
JMBD4949_pages_320-331_red.idx
JMBD4949_pages_332-345_f.idx
JMBD4949_pages_346-349_ap.idx
JMBD4949_pages_350-351_cp.idx
JMBD4949_pages_352-353_p.idx
JMBD4949_pages_354-359_t.idx
JMBD4949_pages_360-361_p.idx
JMBD4949_pages_362-363_p.idx
JMBD4949_pages_364-367_p.idx
JMBD4949_pages_368-369_p.idx
JMBD4949_pages_370-393_cen.idx
JMBD4949_pages_394-403_t.idx
JMBD4949_pages_404-407_a.idx
JMBD4949_pages_408-409_p.idx
JMBD4949_pages_410-421_v.idx
JMBD4949_pages_422-431_p.idx
JMBD4949_pages_432-433_p.idx
JMBD4949_pages_434-435_p.idx
JMBD4949_pages_436-437_al.idx
JMBD4949_pages_438-453_a.idx
JMBD4949_pages_454-475_p.idx
JMBD4949_pages_476-483_rec.idx
JMBD4949_pages_484-485_p.idx
JMBD4949_pages_486-487_o.idx
JMBD4949_pages_488-491_a.idx
JMBD4949_pages_492-493_cp.idx
JMBD4949_pages_494-495_cp.idx
JMBD4949_pages_496-507_v.idx
JMBD4949_pages_50-55_v.idx
JMBD4949_pages_508-511_p.idx
JMBD4949_pages_512-513_p.idx
JMBD4949_pages_514-515_cp.idx
JMBD4949_pages_516-519_cp.idx
JMBD4949_pages_520-527_v.idx
JMBD4949_pages_528-533_p.idx
JMBD4949_pages_534-537_a.idx
JMBD4949_pages_538-539_p.idx
JMBD4949_pages_540-543_t.idx
JMBD4949_pages_544-545_cp.idx
JMBD4949_pages_546-547_cp.idx
JMBD4949_pages_548-549_p.idx
JMBD4949_pages_550-551_cp.idx
JMBD4949_pages_552-555_cp.idx
JMBD4949_pages_556-557_p.idx
JMBD4949_pages_558-559_p.idx
JMBD4949_pages_560-561_n.idx
JMBD4949_pages_562-575_cp.idx
JMBD4949_pages_56-59_o.idx
JMBD4949_pages_576-585_t.idx
JMBD4949_pages_586-587_p.idx
JMBD4949_pages_588-593_t.idx
JMBD4949_pages_594-597_a.idx
JMBD4949_pages_598-599_p.idx
JMBD4949_pages_600-603_r.idx
JMBD4949_pages_604-605_li.idx
JMBD4949_pages_60-63_o.idx
JMBD4949_pages_606-609_e.idx
JMBD4949_pages_610-613_r.idx
JMBD4949_pages_614-615_cp.idx
JMBD4949_pages_616-617_p.idx
JMBD4949_pages_618-619_p.idx
JMBD4949_pages_620-621_p.idx
JMBD4949_pages_622-623_n.idx
JMBD4949_pages_624-627_r.idx
JMBD4949_pages_628-631_r.idx
JMBD4949_pages_632-633_p.idx
JMBD4949_pages_634-643_cp.idx
JMBD4949_pages_644-647_cp.idx
JMBD4949_pages_64-67_t.idx
JMBD4949_pages_648-651_cp.idx
JMBD4949_pages_652-653_p.idx
JMBD4949_pages_654-657_r.idx
JMBD4949_pages_658-665_p.idx
JMBD4949_pages_666-667_p.idx
JMBD4949_pages_668-669_p.idx
JMBD4949_pages_670-671_p.idx
JMBD4949_pages_672-677_p.idx
JMBD4949_pages_678-681_p.idx
JMBD4949_pages_682-687_p.idx
JMBD4949_pages_68-71_p.idx
JMBD4949_pages_688-689_li.idx
JMBD4949_pages_690-691_p.idx
JMBD4949_pages_692-695_r.idx
JMBD4949_pages_696-699_r.idx
JMBD4949_pages_700-701_p.idx
JMBD4949_pages_702-705_o.idx
JMBD4949_pages_706-709_p.idx
JMBD4949_pages_710-711_d.idx
JMBD4949_pages_712-713_o.idx
JMBD4949_pages_714-715_p.idx
JMBD4949_pages_716-717_p.idx
JMBD4949_pages_718-719_p.idx
JMBD4949_pages_720-721_p.idx
JMBD4949_pages_722-725_res.idx
JMBD4949_pages_726-729_r.idx
JMBD4949_pages_72-75_o.idx
JMBD4949_pages_730-731_d.idx
JMBD4949_pages_732-743_v.idx
JMBD4949_pages_744-765_p.idx
JMBD4949_pages_766-767_p.idx
JMBD4949_pages_768-769_o.idx
JMBD4949_pages_76-87_v.idx
JMBD4949_pages_770-773_t.idx
JMBD4949_pages_774-775_p.idx
JMBD4949_pages_776-777_p.idx
JMBD4949_pages_778-781_v.idx
JMBD4949_pages_782-785_p.idx
JMBD4949_pages_786-787_p.idx
JMBD4949_pages_788-789_a.idx
JMBD4949_pages_790-793_cp.idx
JMBD4949_pages_794-797_p.idx
JMBD4949_pages_798-807_cp.idx
JMBD4949_pages_808-813_cp.idx
JMBD4949_pages_814-815_p.idx
JMBD4949_pages_816-817_p.idx
JMBD4949_pages_818-823_dt.idx
JMBD4949_pages_824-829_t.idx
JMBD4949_pages_830-831_p.idx
JMBD4949_pages_832-837_p.idx
JMBD4949_pages_838-839_o.idx
JMBD4949_pages_840-841_unk.idx
JMBD4949_pages_842-843_p.idx
JMBD4949_pages_844-845_p.idx
JMBD4949_pages_846-849_r.idx
JMBD4949_pages_850-853_a.idx
JMBD4949_pages_854-859_cp.idx
JMBD4949_pages_860-861_cp.idx
JMBD4949_pages_862-863_p.idx
JMBD4949_pages_864-865_p.idx
JMBD4949_pages_866-867_p.idx
JMBD4949_pages_868-869_p.idx
JMBD4949_pages_870-875_a.idx
JMBD4949_pages_876-877_cp.idx
JMBD4949_pages_878-889_o.idx
JMBD4949_pages_88-91_o.idx
JMBD4949_pages_890-893_cen.idx
JMBD4949_pages_894-897_o.idx
JMBD4949_pages_898-899_cp.idx
JMBD4949_pages_900-901_cp.idx
JMBD4949_pages_902-905_p.idx
JMBD4949_pages_906-907_o.idx
JMBD4949_pages_908-909_p.idx
JMBD4949_pages_910-931_cen.idx
JMBD4949_pages_92-93_p.idx
JMBD4949_pages_932-933_o.idx
JMBD4949_pages_934-935_p.idx
JMBD4949_pages_936-937_p.idx
JMBD4949_pages_938-943_t.idx
JMBD4949_pages_944-945_p.idx
JMBD4949_pages_946-951_p.idx
JMBD4949_pages_94-95_cen.idx
JMBD4949_pages_952-953_p.idx
JMBD4949_pages_954-955_p.idx
JMBD4949_pages_956-963_cp.idx
JMBD4949_pages_964-967_cp.idx
JMBD4949_pages_968-985_v.idx
JMBD4949_pages_96-97_cen.idx
JMBD4949_pages_986-987_p.idx
JMBD4949_pages_988-989_p.idx
JMBD4949_pages_98-99_cen.idx
JMBD4949_pages_990-993_p.idx
JMBD4949_pages_994-999_p.idx
JMBD4950_pages_100-101_cp.idx
JMBD4950_pages_102-103_cp.idx
JMBD4950_pages_104-107_p.idx
JMBD4950_pages_1042-1067_im.idx
JMBD4950_pages_1068-1093_im.idx
JMBD4950_pages_108-109_cp.idx
JMBD4950_pages_1094-1097_o.idx
JMBD4950_pages_1098-1103_cp.idx
JMBD4950_pages_110-115_cp.idx
JMBD4950_pages_1104-1105_cp.idx
JMBD4950_pages_1106-1113_tr.idx
JMBD4950_pages_1114-1123_p.idx
JMBD4950_pages_1124-1127_p.idx
JMBD4950_pages_1128-1131_rd.idx
JMBD4950_pages_1132-1133_ma.idx
JMBD4950_pages_1134-1135_p.idx
JMBD4950_pages_1136-1137_p.idx
JMBD4950_pages_1138-1139_cp.idx
JMBD4950_pages_1140-1141_a.idx
JMBD4950_pages_1142-1143_p.idx
JMBD4950_pages_1144-1157_v.idx
JMBD4950_pages_1158-1167_p.idx
JMBD4950_pages_116-125_pd.idx
JMBD4950_pages_1168-1171_c.idx
JMBD4950_pages_1172-1173_p.idx
JMBD4950_pages_1174-1177_a.idx
JMBD4950_pages_1178-1179_p.idx
JMBD4950_pages_1180-1193_cn.idx
JMBD4950_pages_1194-1195_p.idx
JMBD4950_pages_1196-1201_o.idx
JMBD4950_pages_1202-1213_im.idx
JMBD4950_pages_1214-1215_p.idx
JMBD4950_pages_1216-1217_cp.idx
JMBD4950_pages_1218-1219_p.idx
JMBD4950_pages_1220-1221_p.idx
JMBD4950_pages_1222-1223_ca.idx
JMBD4950_pages_1224-1225_ca.idx
JMBD4950_pages_1226-1227_p.idx
JMBD4950_pages_1228-1229_p.idx
JMBD4950_pages_1230-1233_p.idx
JMBD4950_pages_1234-1239_cp.idx
JMBD4950_pages_1240-1245_p.idx
JMBD4950_pages_1246-1247_p.idx
JMBD4950_pages_1248-1251_p.idx
JMBD4950_pages_1252-1273_cp.idx
JMBD4950_pages_126-127_p.idx
JMBD4950_pages_1274-1277_a.idx
JMBD4950_pages_1278-1279_p.idx
JMBD4950_pages_1280-1287_a.idx
JMBD4950_pages_128-129_p.idx
JMBD4950_pages_1288-1289_p.idx
JMBD4950_pages_1290-1293_d.idx
JMBD4950_pages_1294-1295_cp.idx
JMBD4950_pages_1296-1297_p.idx
JMBD4950_pages_1298-1299_p.idx
JMBD4950_pages_1300-1307_cp.idx
JMBD4950_pages_130-131_p.idx
JMBD4950_pages_1308-1309_p.idx
JMBD4950_pages_1310-1313_t.idx
JMBD4950_pages_1314-1323_di.idx
JMBD4950_pages_132-147_unk.idx
JMBD4950_pages_1324-1325_cp.idx
JMBD4950_pages_1326-1331_a.idx
JMBD4950_pages_1332-1339_a.idx
JMBD4950_pages_1340-1345_f.idx
JMBD4950_pages_1346-1353_p.idx
JMBD4950_pages_1354-1355_dp.idx
JMBD4950_pages_1356-1357_p.idx
JMBD4950_pages_1358-1365_rd.idx
JMBD4950_pages_1366-1367_p.idx
JMBD4950_pages_1368-1369_pe.idx
JMBD4950_pages_1370-1383_p.idx
JMBD4950_pages_1384-1387_p.idx
JMBD4950_pages_1388-1401_cn.idx
JMBD4950_pages_1402-1403_p.idx
JMBD4950_pages_1404-1405_rc.idx
JMBD4950_pages_1406-1407_p.idx
JMBD4950_pages_1408-1409_p.idx
JMBD4950_pages_1410-1411_p.idx
JMBD4950_pages_1412-1413_p.idx
JMBD4950_pages_1414-1417_t.idx
JMBD4950_pages_1418-1425_p.idx
JMBD4950_pages_1426-1427_p.idx
JMBD4950_pages_1428-1429_p.idx
JMBD4950_pages_1430-1431_c.idx
JMBD4950_pages_1432-1437_cp.idx
JMBD4950_pages_1438-1439_p.idx
JMBD4950_pages_1440-1441_p.idx
JMBD4950_pages_1442-1445_c.idx
JMBD4950_pages_1446-1449_o.idx
JMBD4950_pages_1450-1455_di.idx
JMBD4950_pages_1456-1457_p.idx
JMBD4950_pages_1458-1459_p.idx
JMBD4950_pages_1460-1461_p.idx
JMBD4950_pages_1462-1463_cp.idx
JMBD4950_pages_1464-1465_cp.idx
JMBD4950_pages_1466-1489_cn.idx
JMBD4950_pages_148-151_o.idx
JMBD4950_pages_1490-1493_v.idx
JMBD4950_pages_1494-1497_o.idx
JMBD4950_pages_1498-1499_o.idx
JMBD4950_pages_1500-1501_p.idx
JMBD4950_pages_1502-1503_dp.idx
JMBD4950_pages_1504-1505_a.idx
JMBD4950_pages_1506-1509_cp.idx
JMBD4950_pages_1510-1511_p.idx
JMBD4950_pages_1512-1513_cp.idx
JMBD4950_pages_1514-1517_t.idx
JMBD4950_pages_1518-1529_v.idx
JMBD4950_pages_152-155_di.idx
JMBD4950_pages_1530-1531_unk.idx
JMBD4950_pages_1532-1537_a.idx
JMBD4950_pages_1538-1542_cp.idx
JMBD4950_pages_156-157_p.idx
JMBD4950_pages_158-161_p.idx
JMBD4950_pages_162-163_o.idx
JMBD4950_pages_164-169_cp.idx
JMBD4950_pages_170-171_cp.idx
JMBD4950_pages_172-177_t.idx
JMBD4950_pages_178-185_v.idx
JMBD4950_pages_186-187_cd.idx
JMBD4950_pages_188-189_dp.idx
JMBD4950_pages_190-191_p.idx
JMBD4950_pages_192-201_o.idx
JMBD4950_pages_202-219_o.idx
JMBD4950_pages_220-221_p.idx
JMBD4950_pages_222-227_cp.idx
JMBD4950_pages_228-233_unk.idx
JMBD4950_pages_234-247_cp.idx
JMBD4950_pages_248-279_o.idx
JMBD4950_pages_280-281_o.idx
JMBD4950_pages_282-287_o.idx
JMBD4950_pages_288-291_p.idx
JMBD4950_pages_292-293_p.idx
JMBD4950_pages_294-295_d.idx
JMBD4950_pages_296-301_p.idx
JMBD4950_pages_302-307_a.idx
JMBD4950_pages_308-319_cp.idx
JMBD4950_pages_320-325_cp.idx
JMBD4950_pages_326-329_rd.idx
JMBD4950_pages_330-335_dt.idx
JMBD4950_pages_336-337_p.idx
JMBD4950_pages_338-341_dp.idx
JMBD4950_pages_342-343_o.idx
JMBD4950_pages_344-347_o.idx
JMBD4950_pages_348-349_p.idx
JMBD4950_pages_350-357_th.idx
JMBD4950_pages_358-361_th.idx
JMBD4950_pages_362-365_th.idx
JMBD4950_pages_366-367_p.idx
JMBD4950_pages_368-369_a.idx
JMBD4950_pages_370-385_rd.idx
JMBD4950_pages_386-391_a.idx
JMBD4950_pages_392-395_a.idx
JMBD4950_pages_396-399_cn.idx
JMBD4950_pages_400-401_cp.idx
JMBD4950_pages_402-403_p.idx
JMBD4950_pages_404-407_cn.idx
JMBD4950_pages_408-455_t.idx
JMBD4950_pages_456-471_t.idx
JMBD4950_pages_472-473_cp.idx
JMBD4950_pages_474-503_cp.idx
JMBD4950_pages_504-505_p.idx
JMBD4950_pages_506-509_a.idx
JMBD4950_pages_510-513_a.idx
JMBD4950_pages_514-515_p.idx
JMBD4950_pages_516-533_cn.idx
JMBD4950_pages_534-535_cp.idx
JMBD4950_pages_536-537_p.idx
JMBD4950_pages_538-599_v.idx
JMBD4950_pages_600-659_v.idx
JMBD4950_pages_62-63_o.idx
JMBD4950_pages_64-65_p.idx
JMBD4950_pages_660-661_l.idx
JMBD4950_pages_662-663_p.idx
JMBD4950_pages_664-665_o.idx
JMBD4950_pages_666-667_p.idx
JMBD4950_pages_66-69_a.idx
JMBD4950_pages_668-669_o.idx
JMBD4950_pages_670-671_o.idx
JMBD4950_pages_672-673_p.idx
JMBD4950_pages_674-681_t.idx
JMBD4950_pages_682-685_d.idx
JMBD4950_pages_686-691_t.idx
JMBD4950_pages_692-697_a.idx
JMBD4950_pages_698-699_p.idx
JMBD4950_pages_700-703_t.idx
JMBD4950_pages_704-707_o.idx
JMBD4950_pages_70-71_cp.idx
JMBD4950_pages_708-713_t.idx
JMBD4950_pages_714-729_cm.idx
JMBD4950_pages_72-73_p.idx
JMBD4950_pages_730-731_p.idx
JMBD4950_pages_732-733_p.idx
JMBD4950_pages_734-735_p.idx
JMBD4950_pages_736-737_p.idx
JMBD4950_pages_738-741_dp.idx
JMBD4950_pages_742-745_a.idx
JMBD4950_pages_746-749_a.idx
JMBD4950_pages_74-77_p.idx
JMBD4950_pages_750-753_cp.idx
JMBD4950_pages_754-757_c.idx
JMBD4950_pages_758-759_o.idx
JMBD4950_pages_760-763_t.idx
JMBD4950_pages_764-765_p.idx
JMBD4950_pages_766-773_a.idx
JMBD4950_pages_774-775_cp.idx
JMBD4950_pages_776-781_v.idx
JMBD4950_pages_782-787_p.idx
JMBD4950_pages_78-83_t.idx
JMBD4950_pages_788-791_c.idx
JMBD4950_pages_792-793_cp.idx
JMBD4950_pages_794-797_a.idx
JMBD4950_pages_798-803_p.idx
JMBD4950_pages_804-807_p.idx
JMBD4950_pages_808-809_p.idx
JMBD4950_pages_810-811_cp.idx
JMBD4950_pages_812-815_cp.idx
JMBD4950_pages_816-821_t.idx
JMBD4950_pages_822-823_cp.idx
JMBD4950_pages_824-825_l.idx
JMBD4950_pages_826-831_p.idx
JMBD4950_pages_832-839_p.idx
JMBD4950_pages_840-841_l.idx
JMBD4950_pages_842-845_r.idx
JMBD4950_pages_846-847_p.idx
JMBD4950_pages_84-87_p.idx
JMBD4950_pages_848-851_p.idx
JMBD4950_pages_852-855_p.idx
JMBD4950_pages_856-857_d.idx
JMBD4950_pages_858-859_p.idx
JMBD4950_pages_860-893_t.idx
JMBD4950_pages_88-91_r.idx
JMBD4950_pages_894-895_p.idx
JMBD4950_pages_896-897_p.idx
JMBD4950_pages_898-899_li.idx
JMBD4950_pages_900-901_pr.idx
JMBD4950_pages_902-903_p.idx
JMBD4950_pages_904-905_p.idx
JMBD4950_pages_906-907_p.idx
JMBD4950_pages_908-909_p.idx
JMBD4950_pages_910-917_t.idx
JMBD4950_pages_918-921_p.idx
JMBD4950_pages_922-923_p.idx
JMBD4950_pages_924-945_p.idx
JMBD4950_pages_92-97_dp.idx
JMBD4950_pages_946-947_p.idx
JMBD4950_pages_948-951_t.idx
JMBD4950_pages_952-953_p.idx
JMBD4950_pages_954-955_p.idx
JMBD4950_pages_956-963_tr.idx
JMBD4950_pages_964-965_p.idx
JMBD4950_pages_966-973_t.idx
JMBD4950_pages_974-975_p.idx
JMBD4950_pages_976-977_o.idx
JMBD4950_pages_978-981_o.idx
JMBD4950_pages_982-983_o.idx
JMBD4950_pages_984-985_nm.idx
JMBD4950_pages_986-1041_im.idx
JMBD4950_pages_98-99_cp.idx
list.lst
prod
